2020/03/26 08:50:14 Server started
2020/03/26 08:52:49 | New sensor data: {"st":17.0625,"l":48.74,"m":2.13636}
2020/03/26 08:53:51 | New sensor data: {"st":17.0625,"l":48.74,"m":2.454544}
2020/03/26 08:54:53 | New sensor data: {"st":17.0625,"l":48.74,"m":1.681816}
2020/03/26 08:55:55 | New sensor data: {"st":17,"l":48.74,"m":2.272728}
2020/03/26 08:56:26 Watering Completed: Duration = 5000, Flow = <nil>
2020/03/26 08:56:57 | New sensor data: {"st":17,"l":48.74,"m":2.181816}
2020/03/26 08:57:59 | New sensor data: {"st":17,"l":48.74,"m":1.681816}
2020/03/26 08:59:01 | New sensor data: {"st":17,"l":48.74,"m":2.181816}
2020/03/26 09:00:03 | New sensor data: {"st":17,"l":48.74,"m":2.13636}
2020/03/26 09:01:05 | New sensor data: {"st":17,"l":48.74,"m":2.227272}
2020/03/26 09:02:07 | New sensor data: {"st":17,"l":48.74,"m":1.727272}
2020/03/26 09:03:09 | New sensor data: {"st":17,"l":48.74,"m":2.227272}
2020/03/26 09:04:11 | New sensor data: {"st":16.9375,"l":48.74,"m":2.045456}
2020/03/26 09:05:13 | New sensor data: {"st":16.9375,"l":48.74,"m":1.954544}
2020/03/26 09:06:15 | New sensor data: {"st":16.9375,"l":48.74,"m":2.045456}
2020/03/26 09:07:17 | New sensor data: {"st":16.9375,"l":48.74,"m":2.13636}
2020/03/26 09:08:19 | New sensor data: {"st":16.9375,"l":48.74,"m":2.590912}
2020/03/26 09:09:21 | New sensor data: {"st":16.9375,"l":48.74,"m":2.090912}
2020/03/26 09:10:23 | New sensor data: {"st":16.9375,"l":48.74,"m":2.045456}
2020/03/26 09:11:25 | New sensor data: {"st":16.9375,"l":48.74,"m":2.5}
2020/03/26 09:12:27 | New sensor data: {"st":16.875,"l":48.74,"m":2.318184}
2020/03/26 09:13:29 | New sensor data: {"st":16.875,"l":48.74,"m":2.090912}
2020/03/26 09:53:48 | New sensor data: {"st":16.8125,"l":48.74,"m":1.681816}
2020/03/26 09:54:50 | New sensor data: {"st":16.75,"l":48.74,"m":1.86364}
2020/03/26 09:55:52 | New sensor data: {"st":16.75,"l":48.74,"m":2.272728}
2020/03/26 09:56:54 | New sensor data: {"st":16.75,"l":48.74,"m":2.227272}
2020/03/26 09:57:57 | New sensor data: {"st":16.75,"l":48.74,"m":2.045456}
2020/03/26 09:58:59 | New sensor data: {"st":16.75,"l":48.74,"m":2}
2020/03/26 10:00:01 | New sensor data: {"st":16.75,"l":48.74,"m":1.772728}
2020/03/26 10:01:03 | New sensor data: {"st":16.75,"l":48.74,"m":1.772728}
2020/03/26 10:02:05 | New sensor data: {"st":16.75,"l":48.74,"m":1.86364}
2020/03/26 10:03:07 | New sensor data: {"st":16.75,"l":48.74,"m":2.227272}
2020/03/26 10:04:09 | New sensor data: {"st":16.75,"l":48.74,"m":2}
2020/03/26 10:05:11 | New sensor data: {"st":16.75,"l":48.74,"m":1.681816}
2020/03/26 10:06:13 | New sensor data: {"st":16.75,"l":48.74,"m":2.045456}
2020/03/26 10:07:15 | New sensor data: {"st":16.75,"l":48.74,"m":2.181816}
2020/03/26 12:13:23 | New sensor data: {"st":16.625,"l":48.74,"m":2.13636}
2020/03/26 16:22:32 | New sensor data: {"st":16.625,"l":48.74,"m":2.63636}
2020/03/26 16:23:34 | New sensor data: {"st":16.5625,"l":48.74,"m":2.181816}
2020/03/26 18:44:11 | New sensor data: {"st":16.75,"l":48.74,"m":2.045456}
2020/03/26 18:45:12 | New sensor data: {"st":16.75,"l":48.74,"m":2.045456}
2020/03/26 18:46:15 | New sensor data: {"st":16.75,"l":48.74,"m":1.727272}
2020/03/26 18:47:16 | New sensor data: {"st":16.75,"l":48.74,"m":2.5}
2020/03/26 18:48:18 | New sensor data: {"st":16.75,"l":48.74,"m":1.727272}
2020/03/26 18:49:21 | New sensor data: {"st":16.8125,"l":48.74,"m":2.045456}
2020/03/26 18:50:23 | New sensor data: {"st":16.8125,"l":48.74,"m":2.318184}
2020/03/26 18:51:25 | New sensor data: {"st":16.8125,"l":48.74,"m":2.181816}
2020/03/26 18:52:27 | New sensor data: {"st":16.875,"l":48.74,"m":1.909088}
2020/03/26 18:53:29 | New sensor data: {"st":16.875,"l":48.74,"m":1.681816}
2020/03/26 18:54:31 | New sensor data: {"st":16.9375,"l":48.74,"m":2.181816}
2020/03/26 18:55:33 | New sensor data: {"st":16.9375,"l":48.74,"m":2.090912}
2020/03/26 18:56:35 | New sensor data: {"st":17,"l":48.74,"m":2}
2020/03/26 18:57:37 | New sensor data: {"st":17,"l":48.74,"m":2.045456}
2020/03/26 18:58:39 | New sensor data: {"st":16.9375,"l":48.74,"m":1.727272}
2020/03/26 18:59:41 | New sensor data: {"st":17,"l":48.74,"m":1.772728}
2020/03/26 19:00:43 | New sensor data: {"st":17,"l":48.74,"m":2.63636}
2020/03/26 19:01:45 | New sensor data: {"st":17,"l":48.74,"m":2.318184}
2020/03/26 19:02:47 | New sensor data: {"st":17,"l":48.74,"m":2.090912}
2020/03/26 19:03:49 | New sensor data: {"st":17,"l":48.74,"m":1.86364}
2020/03/26 19:04:51 | New sensor data: {"st":17,"l":48.74,"m":1.954544}
2020/03/26 19:05:53 | New sensor data: {"st":17,"l":48.74,"m":2.181816}
2020/03/26 19:06:55 | New sensor data: {"st":17,"l":48.74,"m":1.909088}
2020/03/26 19:07:57 | New sensor data: {"st":17,"l":48.74,"m":1.909088}
2020/03/26 19:08:59 | New sensor data: {"st":17,"l":48.74,"m":1.590912}
2020/03/26 19:10:01 | New sensor data: {"st":17,"l":48.74,"m":2.045456}
2020/03/26 19:11:03 | New sensor data: {"st":17,"l":48.74,"m":2.13636}
2020/03/26 19:12:05 | New sensor data: {"st":17,"l":48.74,"m":2.181816}
2020/03/26 19:13:07 | New sensor data: {"st":17,"l":48.74,"m":1.909088}
2020/03/26 19:14:09 | New sensor data: {"st":17,"l":48.74,"m":2.045456}
2020/03/26 19:15:11 | New sensor data: {"st":17,"l":48.74,"m":2.318184}
2020/03/26 19:16:13 | New sensor data: {"st":17,"l":48.74,"m":1.954544}
2020/03/26 19:17:15 | New sensor data: {"st":17,"l":48.74,"m":2.409088}
2020/03/26 19:18:17 | New sensor data: {"st":17,"l":48.74,"m":2.090912}
2020/03/26 19:19:19 | New sensor data: {"st":17.0625,"l":48.74,"m":2}
2020/03/26 19:20:21 | New sensor data: {"st":17.0625,"l":48.74,"m":2.318184}
2020/03/26 19:21:23 | New sensor data: {"st":17.0625,"l":48.74,"m":2.090912}
2020/03/26 19:22:26 | New sensor data: {"st":17.0625,"l":48.74,"m":2.590912}
2020/03/26 19:23:28 | New sensor data: {"st":17.0625,"l":48.74,"m":1.86364}
2020/03/26 19:24:30 | New sensor data: {"st":17.0625,"l":48.74,"m":2.272728}
2020/03/26 19:25:32 | New sensor data: {"st":17.0625,"l":48.74,"m":1.909088}
2020/03/26 19:26:34 | New sensor data: {"st":17.0625,"l":48.74,"m":2.227272}
2020/03/26 19:27:36 | New sensor data: {"st":17.0625,"l":48.74,"m":2.272728}
2020/03/26 19:28:38 | New sensor data: {"st":17.0625,"l":48.74,"m":1.727272}
2020/03/26 19:29:40 | New sensor data: {"st":17.0625,"l":48.74,"m":2.227272}
2020/03/26 19:30:42 | New sensor data: {"st":17.0625,"l":48.74,"m":2.227272}
2020/03/26 19:31:47 | New sensor data: {"st":17.0625,"l":48.74,"m":2.045456}
2020/03/26 19:32:46 | New sensor data: {"st":17.0625,"l":48.74,"m":2.045456}
2020/03/26 19:33:48 | New sensor data: {"st":17.0625,"l":48.74,"m":2.454544}
2020/03/26 19:34:50 | New sensor data: {"st":17,"l":48.74,"m":2.13636}
2020/03/26 19:35:52 | New sensor data: {"st":17,"l":48.74,"m":1.909088}
2020/03/26 19:36:54 | New sensor data: {"st":17,"l":48.74,"m":2.5}
2020/03/26 19:50:20 | New sensor data: {"st":17.25,"l":48.74,"m":1.86364}
2020/03/26 19:51:22 | New sensor data: {"st":17.25,"l":48.74,"m":2.181816}
2020/03/26 19:52:24 | New sensor data: {"st":17.25,"l":48.74,"m":2.045456}
2020/03/26 19:53:26 | New sensor data: {"st":17.25,"l":48.74,"m":2.227272}
2020/03/26 19:54:29 | New sensor data: {"st":17.25,"l":48.74,"m":1.727272}
2020/03/26 19:55:31 | New sensor data: {"st":17.1875,"l":48.74,"m":2.318184}
2020/03/26 19:56:33 | New sensor data: {"st":17.25,"l":48.74,"m":1.681816}
2020/03/26 19:57:35 | New sensor data: {"st":17.1875,"l":48.74,"m":2.272728}
2020/03/26 19:58:37 | New sensor data: {"st":17.1875,"l":48.74,"m":2.045456}
2020/03/26 19:59:39 | New sensor data: {"st":17.1875,"l":48.74,"m":2.409088}
2020/03/26 20:00:41 | New sensor data: {"st":17.1875,"l":48.74,"m":1.772728}
2020/03/26 20:01:43 | New sensor data: {"st":17.1875,"l":48.74,"m":1.909088}
2020/03/26 20:02:45 | New sensor data: {"st":17.1875,"l":48.74,"m":2.045456}
2020/03/26 20:03:47 | New sensor data: {"st":17.1875,"l":48.74,"m":1.954544}
2020/03/26 20:04:49 | New sensor data: {"st":17.1875,"l":48.74,"m":2.318184}
2020/03/26 20:05:51 | New sensor data: {"st":17.1875,"l":48.74,"m":2.272728}
2020/03/26 20:06:53 | New sensor data: {"st":17.1875,"l":48.74,"m":1.909088}
2020/03/26 20:07:55 | New sensor data: {"st":17.1875,"l":48.74,"m":2.227272}
2020/03/26 20:08:57 | New sensor data: {"st":17.1875,"l":48.74,"m":2.045456}
2020/03/26 20:09:59 | New sensor data: {"st":17.1875,"l":48.74,"m":1.681816}
2020/03/26 20:11:01 | New sensor data: {"st":17.1875,"l":48.74,"m":2.454544}
2020/03/26 20:12:03 | New sensor data: {"st":17.1875,"l":48.74,"m":2.090912}
2020/03/26 20:13:05 | New sensor data: {"st":17.1875,"l":48.74,"m":2.090912}
2020/03/26 20:14:07 | New sensor data: {"st":17.1875,"l":48.74,"m":2.13636}
2020/03/26 20:15:09 | New sensor data: {"st":17.125,"l":48.74,"m":2.045456}
2020/03/26 20:16:11 | New sensor data: {"st":17.125,"l":48.74,"m":1.727272}
2020/03/26 20:17:13 | New sensor data: {"st":17.125,"l":48.74,"m":2.045456}
2020/03/26 20:18:15 | New sensor data: {"st":17.125,"l":48.74,"m":2.681816}
2020/03/26 20:19:17 | New sensor data: {"st":17.125,"l":48.74,"m":2.13636}
2020/03/26 20:20:19 | New sensor data: {"st":17.125,"l":48.74,"m":1.909088}
2020/03/26 20:21:21 | New sensor data: {"st":17.125,"l":48.74,"m":2.13636}
2020/03/26 20:22:23 | New sensor data: {"st":17.125,"l":48.74,"m":1.727272}
2020/03/26 20:23:25 | New sensor data: {"st":17.125,"l":48.74,"m":2.181816}
2020/03/26 20:24:27 | New sensor data: {"st":17.125,"l":48.74,"m":1.772728}
2020/03/26 20:25:30 | New sensor data: {"st":17.125,"l":48.74,"m":1.909088}
2020/03/26 20:26:31 | New sensor data: {"st":17.0625,"l":48.74,"m":2.318184}
2020/03/26 20:27:33 | New sensor data: {"st":17.0625,"l":48.74,"m":1.86364}
2020/03/26 20:28:36 | New sensor data: {"st":17.125,"l":48.74,"m":2.13636}
2020/03/26 20:29:38 | New sensor data: {"st":17.125,"l":48.74,"m":2.318184}
2020/03/26 20:30:40 | New sensor data: {"st":17.125,"l":48.74,"m":1.86364}
2020/03/26 20:31:42 | New sensor data: {"st":17.125,"l":48.74,"m":2.090912}
2020/03/26 20:32:44 | New sensor data: {"st":17.125,"l":48.74,"m":2.36364}
2020/03/26 20:33:46 | New sensor data: {"st":17.125,"l":48.74,"m":2.045456}
2020/03/26 20:34:48 | New sensor data: {"st":17.125,"l":48.74,"m":2.318184}
2020/03/26 20:35:50 | New sensor data: {"st":17.125,"l":48.74,"m":2.090912}
2020/03/26 20:36:52 | New sensor data: {"st":17.125,"l":48.74,"m":1.681816}
2020/03/26 20:37:54 | New sensor data: {"st":17.125,"l":48.74,"m":2.045456}
2020/03/26 20:38:56 | New sensor data: {"st":17.1875,"l":48.74,"m":2.13636}
2020/03/26 20:39:58 | New sensor data: {"st":17.125,"l":48.74,"m":1.86364}
2020/03/26 20:41:00 | New sensor data: {"st":17.125,"l":48.74,"m":2.13636}
2020/03/26 20:42:02 | New sensor data: {"st":17.125,"l":48.74,"m":1.909088}
2020/03/26 20:44:06 | New sensor data: {"st":17.1875,"l":48.74,"m":2.13636}
2020/03/26 20:45:08 | New sensor data: {"st":17.1875,"l":48.74,"m":2.13636}
2020/03/26 20:46:10 | New sensor data: {"st":17.125,"l":48.74,"m":1.681816}
2020/03/26 20:47:12 | New sensor data: {"st":17.125,"l":48.74,"m":1.772728}
2020/03/26 20:48:14 | New sensor data: {"st":17.125,"l":48.74,"m":2.045456}
2020/03/26 20:49:16 | New sensor data: {"st":17.125,"l":48.74,"m":1.681816}
2020/03/26 20:50:18 | New sensor data: {"st":17.125,"l":48.74,"m":2.409088}
2020/03/26 20:51:20 | New sensor data: {"st":17.125,"l":48.74,"m":2.227272}
2020/03/26 20:52:22 | New sensor data: {"st":17.125,"l":48.74,"m":2.181816}
2020/03/26 20:53:24 | New sensor data: {"st":17.0625,"l":48.74,"m":1.86364}
2020/03/26 20:54:26 | New sensor data: {"st":17.0625,"l":48.74,"m":2.090912}
2020/03/26 20:55:29 | New sensor data: {"st":17.0625,"l":48.74,"m":2.272728}
2020/03/26 20:56:30 | New sensor data: {"st":17.0625,"l":48.74,"m":2.181816}
2020/03/26 20:57:32 | New sensor data: {"st":17.0625,"l":48.74,"m":2.227272}
2020/03/26 20:58:34 | New sensor data: {"st":17,"l":48.74,"m":1.86364}
2020/03/26 20:59:36 | New sensor data: {"st":17,"l":48.74,"m":1.727272}
2020/03/26 21:00:39 | New sensor data: {"st":17,"l":48.74,"m":2}
2020/03/26 21:01:40 | New sensor data: {"st":17.0625,"l":48.74,"m":2.090912}
2020/03/26 21:02:43 | New sensor data: {"st":17,"l":48.74,"m":2.13636}
2020/03/26 21:03:45 | New sensor data: {"st":17,"l":48.74,"m":1.86364}
2020/03/26 21:04:47 | New sensor data: {"st":17,"l":48.74,"m":2.409088}
2020/03/26 21:05:49 | New sensor data: {"st":17,"l":48.74,"m":2.13636}
2020/03/26 21:06:51 | New sensor data: {"st":17.0625,"l":48.74,"m":2.13636}
2020/03/26 21:07:53 | New sensor data: {"st":17.0625,"l":48.74,"m":2.409088}
2020/03/26 21:08:55 | New sensor data: {"st":17.0625,"l":48.74,"m":2.13636}
2020/03/26 21:09:57 | New sensor data: {"st":17.0625,"l":48.74,"m":2.13636}
2020/03/26 21:10:59 | New sensor data: {"st":17.0625,"l":48.74,"m":1.909088}
2020/03/26 21:12:01 | New sensor data: {"st":17.0625,"l":48.74,"m":2.045456}
2020/03/26 21:13:03 | New sensor data: {"st":17.0625,"l":48.74,"m":2.13636}
2020/03/26 21:14:05 | New sensor data: {"st":17.125,"l":48.74,"m":2.13636}
2020/03/26 21:15:07 | New sensor data: {"st":17.125,"l":48.74,"m":2.181816}
2020/03/26 21:16:09 | New sensor data: {"st":17.125,"l":48.74,"m":1.954544}
2020/03/26 21:17:11 | New sensor data: {"st":17.1875,"l":48.74,"m":1.86364}
2020/03/26 21:18:13 | New sensor data: {"st":17.1875,"l":48.74,"m":2.409088}
2020/03/26 21:19:15 | New sensor data: {"st":17.1875,"l":48.74,"m":1.727272}
2020/03/26 21:20:17 | New sensor data: {"st":17.1875,"l":48.74,"m":2.090912}
2020/03/26 21:21:19 | New sensor data: {"st":17.1875,"l":48.74,"m":1.454544}
2020/03/26 21:22:21 | New sensor data: {"st":17.25,"l":48.74,"m":2.409088}
2020/03/26 21:23:23 | New sensor data: {"st":17.25,"l":48.74,"m":1.86364}
2020/03/26 21:24:25 | New sensor data: {"st":17.3125,"l":48.74,"m":1.86364}
2020/03/26 21:25:27 | New sensor data: {"st":17.3125,"l":48.74,"m":2.272728}
2020/03/26 21:26:29 | New sensor data: {"st":17.3125,"l":48.74,"m":1.772728}
2020/03/26 21:27:32 | New sensor data: {"st":17.375,"l":48.74,"m":2.272728}
2020/03/26 21:28:33 | New sensor data: {"st":17.375,"l":48.74,"m":1.909088}
2020/03/26 21:29:35 | New sensor data: {"st":17.375,"l":48.74,"m":1.727272}
2020/03/26 21:30:37 | New sensor data: {"st":17.375,"l":48.74,"m":2.272728}
2020/03/26 21:31:39 | New sensor data: {"st":17.4375,"l":48.74,"m":2.045456}
2020/03/26 21:32:42 | New sensor data: {"st":17.4375,"l":48.74,"m":1.86364}
2020/03/26 21:33:43 | New sensor data: {"st":17.4375,"l":48.74,"m":2.5}
2020/03/26 21:34:45 | New sensor data: {"st":17.4375,"l":48.74,"m":2.409088}
2020/03/26 21:35:48 | New sensor data: {"st":17.4375,"l":48.74,"m":2.090912}
2020/03/26 21:36:50 | New sensor data: {"st":17.4375,"l":48.74,"m":1.681816}
2020/03/26 21:37:52 | New sensor data: {"st":17.4375,"l":48.74,"m":2}
2020/03/26 21:38:54 | New sensor data: {"st":17.4375,"l":48.74,"m":1.86364}
2020/03/26 21:39:56 | New sensor data: {"st":17.4375,"l":48.74,"m":2.13636}
2020/03/26 21:40:58 | New sensor data: {"st":17.4375,"l":48.74,"m":2.227272}
2020/03/26 21:42:00 | New sensor data: {"st":17.4375,"l":48.74,"m":1.772728}
2020/03/26 21:43:02 | New sensor data: {"st":17.4375,"l":48.74,"m":1.909088}
2020/03/26 21:44:04 | New sensor data: {"st":17.4375,"l":48.74,"m":1.272728}
2020/03/26 21:45:06 | New sensor data: {"st":17.4375,"l":48.74,"m":1.86364}
2020/03/26 21:46:08 | New sensor data: {"st":17.4375,"l":48.74,"m":2.13636}
2020/03/26 21:47:10 | New sensor data: {"st":17.4375,"l":48.74,"m":2.227272}
2020/03/26 21:48:12 | New sensor data: {"st":17.4375,"l":48.74,"m":2.045456}
2020/03/26 21:49:14 | New sensor data: {"st":17.4375,"l":48.74,"m":1.681816}
2020/03/26 21:50:16 | New sensor data: {"st":17.4375,"l":48.74,"m":1.454544}
2020/03/26 21:51:18 | New sensor data: {"st":17.4375,"l":48.74,"m":2.227272}
2020/03/26 21:52:20 | New sensor data: {"st":17.4375,"l":48.74,"m":2.318184}
2020/03/26 21:53:22 | New sensor data: {"st":17.4375,"l":48.74,"m":2.36364}
2020/03/26 21:54:24 | New sensor data: {"st":17.4375,"l":48.74,"m":2.045456}
2020/03/26 21:55:26 | New sensor data: {"st":17.375,"l":48.74,"m":2.045456}
2020/03/26 21:56:28 | New sensor data: {"st":17.375,"l":48.74,"m":1.909088}
2020/03/26 21:57:30 | New sensor data: {"st":17.4375,"l":48.74,"m":1.681816}
2020/03/26 21:58:33 | New sensor data: {"st":17.375,"l":48.74,"m":1.909088}
2020/03/26 21:59:34 | New sensor data: {"st":17.375,"l":48.74,"m":2.13636}
2020/03/26 22:00:36 | New sensor data: {"st":17.375,"l":48.74,"m":2.181816}
2020/03/26 22:01:38 | New sensor data: {"st":17.375,"l":48.74,"m":1.454544}
2020/03/26 22:02:40 | New sensor data: {"st":17.375,"l":48.74,"m":2.090912}
2020/03/26 22:03:42 | New sensor data: {"st":17.3125,"l":48.74,"m":2}
2020/03/26 22:04:44 | New sensor data: {"st":17.3125,"l":48.74,"m":2.045456}
2020/03/26 22:05:47 | New sensor data: {"st":17.3125,"l":48.74,"m":1.681816}
2020/03/26 22:06:48 | New sensor data: {"st":17.3125,"l":48.74,"m":1.63636}
2020/03/26 22:07:51 | New sensor data: {"st":17.3125,"l":48.74,"m":1.63636}
2020/03/26 22:08:53 | New sensor data: {"st":17.3125,"l":48.74,"m":2.045456}
2020/03/26 22:09:55 | New sensor data: {"st":17.25,"l":48.74,"m":2.090912}
2020/03/26 22:10:57 | New sensor data: {"st":17.25,"l":48.74,"m":2}
2020/03/26 22:11:59 | New sensor data: {"st":17.25,"l":48.74,"m":2.181816}
2020/03/26 22:13:01 | New sensor data: {"st":17.25,"l":48.74,"m":2.045456}
2020/03/26 22:14:03 | New sensor data: {"st":17.3125,"l":48.74,"m":2}
2020/03/26 22:15:05 | New sensor data: {"st":17.3125,"l":48.74,"m":1.681816}
2020/03/26 22:16:07 | New sensor data: {"st":17.375,"l":48.74,"m":1.681816}
2020/03/26 22:17:09 | New sensor data: {"st":17.375,"l":48.74,"m":1.590912}
2020/03/26 22:18:11 | New sensor data: {"st":17.375,"l":48.74,"m":2.409088}
2020/03/26 22:19:13 | New sensor data: {"st":17.4375,"l":48.74,"m":2.13636}
2020/03/26 22:20:15 | New sensor data: {"st":17.4375,"l":48.74,"m":2.045456}
2020/03/26 22:21:17 | New sensor data: {"st":17.4375,"l":48.74,"m":1.86364}
2020/03/26 22:22:19 | New sensor data: {"st":17.4375,"l":48.74,"m":2.090912}
2020/03/26 22:23:21 | New sensor data: {"st":17.4375,"l":48.74,"m":2.409088}
2020/03/26 22:24:23 | New sensor data: {"st":17.4375,"l":48.74,"m":1.681816}
2020/03/26 22:25:25 | New sensor data: {"st":17.4375,"l":48.74,"m":2.13636}
2020/03/26 22:26:27 | New sensor data: {"st":17.375,"l":48.74,"m":2.045456}
2020/03/26 22:27:29 | New sensor data: {"st":17.375,"l":48.74,"m":1.86364}
2020/03/26 22:28:31 | New sensor data: {"st":17.375,"l":48.74,"m":1.727272}
2020/03/26 22:29:33 | New sensor data: {"st":17.375,"l":48.74,"m":2.181816}
2020/03/26 22:30:35 | New sensor data: {"st":17.375,"l":48.74,"m":2}
2020/03/26 22:31:37 | New sensor data: {"st":17.375,"l":48.74,"m":2.272728}
2020/03/26 22:32:40 | New sensor data: {"st":17.375,"l":48.74,"m":1.86364}
2020/03/26 22:33:41 | New sensor data: {"st":17.375,"l":48.74,"m":2.045456}
2020/03/26 22:34:43 | New sensor data: {"st":17.375,"l":48.74,"m":1.954544}
2020/03/26 22:35:45 | New sensor data: {"st":17.375,"l":48.74,"m":1.86364}
2020/03/26 22:36:47 | New sensor data: {"st":17.375,"l":48.74,"m":2.181816}
2020/03/26 22:37:49 | New sensor data: {"st":17.375,"l":48.74,"m":1.5}
2020/03/26 22:38:51 | New sensor data: {"st":17.375,"l":48.74,"m":1.86364}
2020/03/26 22:39:53 | New sensor data: {"st":17.375,"l":48.74,"m":2}
2020/03/26 22:40:56 | New sensor data: {"st":17.375,"l":48.74,"m":2.090912}
2020/03/26 22:41:58 | New sensor data: {"st":17.375,"l":48.74,"m":2.045456}
2020/03/26 22:43:00 | New sensor data: {"st":17.375,"l":48.74,"m":1.681816}
2020/03/26 22:44:02 | New sensor data: {"st":17.375,"l":48.74,"m":1.954544}
2020/03/26 22:45:04 | New sensor data: {"st":17.4375,"l":48.74,"m":2.13636}
2020/03/26 22:46:06 | New sensor data: {"st":17.4375,"l":48.74,"m":1.772728}
2020/03/26 22:47:08 | New sensor data: {"st":17.4375,"l":48.74,"m":1.954544}
2020/03/26 22:48:10 | New sensor data: {"st":17.4375,"l":48.74,"m":2}
2020/03/26 22:49:12 | New sensor data: {"st":17.4375,"l":48.74,"m":2}
2020/03/26 22:50:14 | New sensor data: {"st":17.5,"l":48.74,"m":1.772728}
2020/03/26 22:51:16 | New sensor data: {"st":17.5,"l":48.74,"m":1.909088}
2020/03/26 22:53:20 | New sensor data: {"st":17.5,"l":48.74,"m":2.090912}
2020/03/26 22:54:22 | New sensor data: {"st":17.5,"l":48.74,"m":1.772728}
2020/03/26 22:55:24 | New sensor data: {"st":17.5,"l":48.74,"m":1.86364}
2020/03/26 22:56:26 | New sensor data: {"st":17.5,"l":48.74,"m":2.272728}
2020/03/26 22:57:28 | New sensor data: {"st":17.5,"l":48.74,"m":1.545456}
2020/03/26 22:58:30 | New sensor data: {"st":17.5,"l":48.74,"m":2.181816}
2020/03/26 22:59:32 | New sensor data: {"st":17.5,"l":48.74,"m":1.909088}
2020/03/26 23:00:34 | New sensor data: {"st":17.5,"l":48.74,"m":2.272728}
2020/03/26 23:01:36 | New sensor data: {"st":17.5,"l":48.74,"m":1.772728}
2020/03/26 23:02:38 | New sensor data: {"st":17.5625,"l":48.74,"m":2.13636}
2020/03/26 23:03:40 | New sensor data: {"st":17.5625,"l":48.74,"m":2.045456}
2020/03/26 23:04:42 | New sensor data: {"st":17.5,"l":48.74,"m":2.181816}
2020/03/26 23:05:44 | New sensor data: {"st":17.5,"l":48.74,"m":2.181816}
2020/03/26 23:06:46 | New sensor data: {"st":17.5,"l":48.74,"m":1.727272}
2020/03/26 23:07:48 | New sensor data: {"st":17.5,"l":48.74,"m":2.13636}
2020/03/26 23:08:50 | New sensor data: {"st":17.5,"l":48.74,"m":1.909088}
2020/03/26 23:09:52 | New sensor data: {"st":17.5,"l":48.74,"m":1.681816}
2020/03/26 23:10:54 | New sensor data: {"st":17.5,"l":48.74,"m":2.045456}
2020/03/26 23:11:57 | New sensor data: {"st":17.5625,"l":48.74,"m":1.5}
2020/03/26 23:12:59 | New sensor data: {"st":17.5625,"l":48.74,"m":2.272728}
2020/03/26 23:14:00 | New sensor data: {"st":17.5625,"l":48.74,"m":2.227272}
2020/03/26 23:15:03 | New sensor data: {"st":17.5625,"l":48.74,"m":1.681816}
2020/03/26 23:16:05 | New sensor data: {"st":17.5625,"l":48.74,"m":1.63636}
2020/03/26 23:17:07 | New sensor data: {"st":17.5625,"l":48.74,"m":1.5}
2020/03/26 23:18:09 | New sensor data: {"st":17.5625,"l":48.74,"m":2.045456}
2020/03/26 23:19:11 | New sensor data: {"st":17.5625,"l":48.74,"m":1.909088}
2020/03/26 23:20:13 | New sensor data: {"st":17.5625,"l":48.74,"m":2.318184}
2020/03/26 23:21:15 | New sensor data: {"st":17.5,"l":48.74,"m":1.954544}
2020/03/26 23:22:17 | New sensor data: {"st":17.5,"l":48.74,"m":2.13636}
2020/03/26 23:23:19 | New sensor data: {"st":17.5,"l":48.74,"m":2.13636}
2020/03/26 23:24:21 | New sensor data: {"st":17.4375,"l":48.74,"m":1.954544}
2020/03/26 23:25:23 | New sensor data: {"st":17.4375,"l":48.74,"m":1.590912}
2020/03/26 23:26:25 | New sensor data: {"st":17.4375,"l":48.74,"m":2.13636}
2020/03/26 23:27:27 | New sensor data: {"st":17.4375,"l":48.74,"m":2.181816}
2020/03/26 23:28:29 | New sensor data: {"st":17.375,"l":48.74,"m":2.318184}
2020/03/26 23:29:31 | New sensor data: {"st":17.375,"l":48.74,"m":1.727272}
2020/03/26 23:30:33 | New sensor data: {"st":17.375,"l":48.74,"m":2.045456}
2020/03/26 23:31:35 | New sensor data: {"st":17.375,"l":48.74,"m":1.86364}
2020/03/26 23:32:37 | New sensor data: {"st":17.375,"l":48.74,"m":1.86364}
2020/03/26 23:33:39 | New sensor data: {"st":17.375,"l":48.74,"m":2.13636}
2020/03/26 23:34:41 | New sensor data: {"st":17.375,"l":48.74,"m":1.63636}
2020/03/26 23:35:43 | New sensor data: {"st":17.375,"l":48.74,"m":1.909088}
2020/03/26 23:36:45 | New sensor data: {"st":17.375,"l":48.74,"m":2.13636}
2020/03/26 23:37:47 | New sensor data: {"st":17.375,"l":48.74,"m":2.045456}
2020/03/26 23:38:49 | New sensor data: {"st":17.375,"l":48.74,"m":2.227272}
2020/03/26 23:39:51 | New sensor data: {"st":17.375,"l":48.74,"m":2.272728}
2020/03/26 23:40:53 | New sensor data: {"st":17.375,"l":48.74,"m":1.63636}
2020/03/26 23:41:55 | New sensor data: {"st":17.375,"l":48.74,"m":2.181816}
2020/03/26 23:42:57 | New sensor data: {"st":17.375,"l":48.74,"m":2.13636}
2020/03/26 23:43:59 | New sensor data: {"st":17.375,"l":48.74,"m":2.227272}
2020/03/26 23:45:01 | New sensor data: {"st":17.3125,"l":48.74,"m":1.86364}
2020/03/26 23:46:04 | New sensor data: {"st":17.375,"l":48.74,"m":1.954544}
2020/03/26 23:47:05 | New sensor data: {"st":17.3125,"l":48.74,"m":2.227272}
2020/03/26 23:48:08 | New sensor data: {"st":17.375,"l":48.74,"m":2.090912}
2020/03/26 23:49:10 | New sensor data: {"st":17.3125,"l":48.74,"m":1.727272}
2020/03/26 23:50:12 | New sensor data: {"st":17.375,"l":48.74,"m":2.181816}
2020/03/26 23:51:14 | New sensor data: {"st":17.3125,"l":48.74,"m":1.727272}
2020/03/26 23:52:16 | New sensor data: {"st":17.3125,"l":48.74,"m":1.954544}
2020/03/26 23:53:18 | New sensor data: {"st":17.3125,"l":48.74,"m":2.090912}
2020/03/26 23:54:20 | New sensor data: {"st":17.3125,"l":48.74,"m":1.86364}
2020/03/26 23:55:22 | New sensor data: {"st":17.3125,"l":48.74,"m":2.045456}
2020/03/26 23:56:24 | New sensor data: {"st":17.3125,"l":48.74,"m":2.272728}
2020/03/26 23:57:26 | New sensor data: {"st":17.3125,"l":48.74,"m":2}
2020/03/26 23:58:28 | New sensor data: {"st":17.3125,"l":48.74,"m":2.318184}
2020/03/26 23:59:30 | New sensor data: {"st":17.3125,"l":48.74,"m":2}
2020/03/27 00:00:32 | New sensor data: {"st":17.3125,"l":48.74,"m":2.181816}
2020/03/27 00:01:34 | New sensor data: {"st":17.3125,"l":48.74,"m":1.954544}
2020/03/27 00:02:36 | New sensor data: {"st":17.375,"l":48.74,"m":2.227272}
2020/03/27 00:03:38 | New sensor data: {"st":17.375,"l":48.74,"m":1.86364}
2020/03/27 00:04:40 | New sensor data: {"st":17.375,"l":48.74,"m":1.772728}
2020/03/27 00:05:42 | New sensor data: {"st":17.375,"l":48.74,"m":1.954544}
2020/03/27 00:06:44 | New sensor data: {"st":17.375,"l":48.74,"m":2.181816}
2020/03/27 00:07:46 | New sensor data: {"st":17.4375,"l":48.74,"m":2.045456}
2020/03/27 00:08:48 | New sensor data: {"st":17.4375,"l":48.74,"m":1.681816}
2020/03/27 00:09:50 | New sensor data: {"st":17.4375,"l":48.74,"m":2.590912}
2020/03/27 00:10:52 | New sensor data: {"st":17.4375,"l":48.74,"m":2}
2020/03/27 00:11:54 | New sensor data: {"st":17.4375,"l":48.74,"m":2.227272}
2020/03/27 00:12:56 | New sensor data: {"st":17.4375,"l":48.74,"m":1.727272}
2020/03/27 00:13:58 | New sensor data: {"st":17.4375,"l":48.74,"m":2.13636}
2020/03/27 00:15:00 | New sensor data: {"st":17.4375,"l":48.74,"m":1.954544}
2020/03/27 00:16:03 | New sensor data: {"st":17.4375,"l":48.74,"m":1.727272}
2020/03/27 00:17:04 | New sensor data: {"st":17.4375,"l":48.74,"m":2.409088}
2020/03/27 00:18:06 | New sensor data: {"st":17.5,"l":48.74,"m":1.86364}
2020/03/27 00:19:09 | New sensor data: {"st":17.5,"l":48.74,"m":1.909088}
2020/03/27 00:20:10 | New sensor data: {"st":17.5,"l":48.74,"m":1.772728}
2020/03/27 00:21:13 | New sensor data: {"st":17.5,"l":48.74,"m":2.181816}
2020/03/27 00:22:15 | New sensor data: {"st":17.5,"l":48.74,"m":1.954544}
2020/03/27 00:23:17 | New sensor data: {"st":17.5,"l":48.74,"m":2.13636}
2020/03/27 00:24:19 | New sensor data: {"st":17.5,"l":48.74,"m":2.227272}
2020/03/27 00:25:21 | New sensor data: {"st":17.5,"l":48.74,"m":1.454544}
2020/03/27 00:26:23 | New sensor data: {"st":17.5,"l":48.74,"m":2.13636}
2020/03/27 00:27:25 | New sensor data: {"st":17.5,"l":48.74,"m":1.86364}
2020/03/27 00:28:27 | New sensor data: {"st":17.5,"l":48.74,"m":2.227272}
2020/03/27 00:29:29 | New sensor data: {"st":17.5,"l":48.74,"m":1.954544}
2020/03/27 00:30:31 | New sensor data: {"st":17.5,"l":48.74,"m":1.86364}
2020/03/27 00:31:33 | New sensor data: {"st":17.4375,"l":48.74,"m":1.772728}
2020/03/27 00:32:35 | New sensor data: {"st":17.4375,"l":48.74,"m":1.909088}
2020/03/27 00:33:37 | New sensor data: {"st":17.4375,"l":48.74,"m":2.181816}
2020/03/27 00:34:39 | New sensor data: {"st":17.4375,"l":48.74,"m":1.909088}
2020/03/27 00:35:41 | New sensor data: {"st":17.4375,"l":48.74,"m":2.272728}
